Gazebo multi-robot simulator, version 11.10.2
Copyright (C) 2012 Open Source Robotics Foundation.
Released under the Apache 2 License.
http://gazebosim.org


(1698658996 191529239) [Msg] Waiting for master.
(1698658996 191776753) Failed to create connection to remote host[localhost:11345]
(1698658997 198885891) [Msg] Connected to gazebo master @ http://127.0.0.1:11345
(1698658997 198944109) [Msg] Publicized address: 172.17.0.1
(1698658997 199194657) Loaded .ini file from: "/home/user/.gazebo/gui.ini"
(1698658997 369970564) [Msg] Warning: Ignoring XDG_SESSION_TYPE=wayland on Gnome. Use QT_QPA_PLATFORM=wayland to run on Wayland anyway.
(1698658997 611599660) Invalid filename or directory["/home/user/.Xauthority"] in GAZEBO_MODEL_PATH. It's not a good idea to put extra files in a GAZEBO_MODEL_PATH because the file structure may be modified by Gazebo.
(1698658997 611664769) [Err] [InsertModelWidget.cc:403] Missing model.config for model "/home/user/.arduino15"
(1698658997 611713049) model.config file is missing in directory["/home/user/.arduino15"]
(1698658997 611732815) Invalid filename or directory["/home/user/.bash_history"] in GAZEBO_MODEL_PATH. It's not a good idea to put extra files in a GAZEBO_MODEL_PATH because the file structure may be modified by Gazebo.
(1698658997 611758382) Invalid filename or directory["/home/user/.bash_logout"] in GAZEBO_MODEL_PATH. It's not a good idea to put extra files in a GAZEBO_MODEL_PATH because the file structure may be modified by Gazebo.
(1698658997 611781873) Invalid filename or directory["/home/user/.bashrc"] in GAZEBO_MODEL_PATH. It's not a good idea to put extra files in a GAZEBO_MODEL_PATH because the file structure may be modified by Gazebo.
(1698658997 611835328) [Err] [InsertModelWidget.cc:403] Missing model.config for model "/home/user/.cache"
(1698658997 611874562) model.config file is missing in directory["/home/user/.cache"]
(1698658997 611901404) [Err] [InsertModelWidget.cc:403] Missing model.config for model "/home/user/.config"
(1698658997 611964371) model.config file is missing in directory["/home/user/.config"]
(1698658997 611992268) [Err] [InsertModelWidget.cc:403] Missing model.config for model "/home/user/.docker"
(1698658997 612047016) model.config file is missing in directory["/home/user/.docker"]
(1698658997 612076396) [Err] [InsertModelWidget.cc:403] Missing model.config for model "/home/user/.dotnet"
(1698658997 612115256) model.config file is missing in directory["/home/user/.dotnet"]
(1698658997 612140453) [Err] [InsertModelWidget.cc:403] Missing model.config for model "/home/user/.fltk"
(1698658997 612173656) model.config file is missing in directory["/home/user/.fltk"]
(1698658997 612199286) [Err] [InsertModelWidget.cc:403] Missing model.config for model "/home/user/.gazebo"
(1698658997 612232362) model.config file is missing in directory["/home/user/.gazebo"]
(1698658997 612257621) Invalid filename or directory["/home/user/.gitconfig"] in GAZEBO_MODEL_PATH. It's not a good idea to put extra files in a GAZEBO_MODEL_PATH because the file structure may be modified by Gazebo.
(1698658997 612295128) [Err] [InsertModelWidget.cc:403] Missing model.config for model "/home/user/.gitkraken"
(1698658997 612332024) model.config file is missing in directory["/home/user/.gitkraken"]
(1698658997 612356861) [Err] [InsertModelWidget.cc:403] Missing model.config for model "/home/user/.gk"
(1698658997 612389539) model.config file is missing in directory["/home/user/.gk"]
(1698658997 612418498) [Err] [InsertModelWidget.cc:403] Missing model.config for model "/home/user/.gnupg"
(1698658997 612453028) model.config file is missing in directory["/home/user/.gnupg"]
(1698658997 612504304) [Err] [InsertModelWidget.cc:403] Missing model.config for model "/home/user/.ignition"
(1698658997 612541280) model.config file is missing in directory["/home/user/.ignition"]
(1698658997 612581670) [Err] [InsertModelWidget.cc:403] Missing model.config for model "/home/user/.java"
(1698658997 612627889) model.config file is missing in directory["/home/user/.java"]
(1698658997 612649012) [Err] [InsertModelWidget.cc:403] Missing model.config for model "/home/user/.lemminx"
(1698658997 612715903) model.config file is missing in directory["/home/user/.lemminx"]
(1698658997 612734541) Invalid filename or directory["/home/user/.lesshst"] in GAZEBO_MODEL_PATH. It's not a good idea to put extra files in a GAZEBO_MODEL_PATH because the file structure may be modified by Gazebo.
(1698658997 612758801) [Err] [InsertModelWidget.cc:403] Missing model.config for model "/home/user/.local"
(1698658997 612785326) model.config file is missing in directory["/home/user/.local"]
(1698658997 612805228) [Err] [InsertModelWidget.cc:403] Missing model.config for model "/home/user/.mozilla"
(1698658997 612827937) model.config file is missing in directory["/home/user/.mozilla"]
(1698658997 612844802) Invalid filename or directory["/home/user/.pam_environment"] in GAZEBO_MODEL_PATH. It's not a good idea to put extra files in a GAZEBO_MODEL_PATH because the file structure may be modified by Gazebo.
(1698658997 612867472) [Err] [InsertModelWidget.cc:403] Missing model.config for model "/home/user/.pki"
(1698658997 612890280) model.config file is missing in directory["/home/user/.pki"]
(1698658997 612906830) Invalid filename or directory["/home/user/.profile"] in GAZEBO_MODEL_PATH. It's not a good idea to put extra files in a GAZEBO_MODEL_PATH because the file structure may be modified by Gazebo.
(1698658997 612927310) Invalid filename or directory["/home/user/.realsense-config.json"] in GAZEBO_MODEL_PATH. It's not a good idea to put extra files in a GAZEBO_MODEL_PATH because the file structure may be modified by Gazebo.
(1698658997 612948420) [Err] [InsertModelWidget.cc:403] Missing model.config for model "/home/user/.redhat"
(1698658997 612971343) model.config file is missing in directory["/home/user/.redhat"]
(1698658997 612990556) [Err] [InsertModelWidget.cc:403] Missing model.config for model "/home/user/.ros"
(1698658997 613013341) model.config file is missing in directory["/home/user/.ros"]
(1698658997 613030892) [Err] [InsertModelWidget.cc:403] Missing model.config for model "/home/user/.rtabmap"
(1698658997 613053836) model.config file is missing in directory["/home/user/.rtabmap"]
(1698658997 613071444) [Err] [InsertModelWidget.cc:403] Missing model.config for model "/home/user/.rviz2"
(1698658997 613094159) model.config file is missing in directory["/home/user/.rviz2"]
(1698658997 613113491) [Err] [InsertModelWidget.cc:403] Missing model.config for model "/home/user/.sdformat"
(1698658997 613140001) model.config file is missing in directory["/home/user/.sdformat"]
(1698658997 613159259) [Err] [InsertModelWidget.cc:403] Missing model.config for model "/home/user/.ssh"
(1698658997 613182344) model.config file is missing in directory["/home/user/.ssh"]
(1698658997 613200130) Invalid filename or directory["/home/user/.sudo_as_admin_successful"] in GAZEBO_MODEL_PATH. It's not a good idea to put extra files in a GAZEBO_MODEL_PATH because the file structure may be modified by Gazebo.
(1698658997 613220560) Invalid filename or directory["/home/user/.viminfo"] in GAZEBO_MODEL_PATH. It's not a good idea to put extra files in a GAZEBO_MODEL_PATH because the file structure may be modified by Gazebo.
(1698658997 613241822) Invalid filename or directory["/home/user/.vimrc"] in GAZEBO_MODEL_PATH. It's not a good idea to put extra files in a GAZEBO_MODEL_PATH because the file structure may be modified by Gazebo.
(1698658997 613264449) [Err] [InsertModelWidget.cc:403] Missing model.config for model "/home/user/.vnc"
(1698658997 613287111) model.config file is missing in directory["/home/user/.vnc"]
(1698658997 613304694) [Err] [InsertModelWidget.cc:403] Missing model.config for model "/home/user/.vscode"
(1698658997 613327272) model.config file is missing in directory["/home/user/.vscode"]
(1698658997 613348156) Invalid filename or directory["/home/user/.wget-hsts"] in GAZEBO_MODEL_PATH. It's not a good idea to put extra files in a GAZEBO_MODEL_PATH because the file structure may be modified by Gazebo.
(1698658997 613369781) Invalid filename or directory["/home/user/.xsession-errors"] in GAZEBO_MODEL_PATH. It's not a good idea to put extra files in a GAZEBO_MODEL_PATH because the file structure may be modified by Gazebo.
(1698658997 613398551) [Err] [InsertModelWidget.cc:403] Missing model.config for model "/home/user/Arduino"
(1698658997 613421436) model.config file is missing in directory["/home/user/Arduino"]
(1698658997 613439491) [Err] [InsertModelWidget.cc:403] Missing model.config for model "/home/user/Desktop"
(1698658997 613462886) model.config file is missing in directory["/home/user/Desktop"]
(1698658997 613482885) [Err] [InsertModelWidget.cc:403] Missing model.config for model "/home/user/Documents"
(1698658997 613530741) model.config file is missing in directory["/home/user/Documents"]
(1698658997 613549795) [Err] [InsertModelWidget.cc:403] Missing model.config for model "/home/user/Downloads"
(1698658997 613589061) model.config file is missing in directory["/home/user/Downloads"]
(1698658997 613616554) [Err] [InsertModelWidget.cc:403] Missing model.config for model "/home/user/Iso"
(1698658997 613653274) model.config file is missing in directory["/home/user/Iso"]
(1698658997 613678252) [Err] [InsertModelWidget.cc:403] Missing model.config for model "/home/user/Music"
(1698658997 613722449) model.config file is missing in directory["/home/user/Music"]
(1698658997 613759379) [Err] [InsertModelWidget.cc:403] Missing model.config for model "/home/user/Pictures"
(1698658997 613783323) model.config file is missing in directory["/home/user/Pictures"]
(1698658997 613802633) [Err] [InsertModelWidget.cc:403] Missing model.config for model "/home/user/Projects"
(1698658997 613828960) model.config file is missing in directory["/home/user/Projects"]
(1698658997 613876919) [Err] [InsertModelWidget.cc:403] Missing model.config for model "/home/user/Public"
(1698658997 613923785) model.config file is missing in directory["/home/user/Public"]
(1698658997 613942805) [Err] [InsertModelWidget.cc:403] Missing model.config for model "/home/user/PycharmProjects"
(1698658997 613969006) model.config file is missing in directory["/home/user/PycharmProjects"]
(1698658997 613988054) [Err] [InsertModelWidget.cc:403] Missing model.config for model "/home/user/QtProjects"
(1698658997 614011322) model.config file is missing in directory["/home/user/QtProjects"]
(1698658997 614051803) [Err] [InsertModelWidget.cc:403] Missing model.config for model "/home/user/Templates"
(1698658997 614076755) model.config file is missing in directory["/home/user/Templates"]
(1698658997 614112824) [Err] [InsertModelWidget.cc:403] Missing model.config for model "/home/user/Videos"
(1698658997 614138788) model.config file is missing in directory["/home/user/Videos"]
(1698658997 614156969) [Err] [InsertModelWidget.cc:403] Missing model.config for model "/home/user/opencv"
(1698658997 614179780) model.config file is missing in directory["/home/user/opencv"]
(1698658997 614197992) [Err] [InsertModelWidget.cc:403] Missing model.config for model "/home/user/robolymp"
(1698658997 614242208) model.config file is missing in directory["/home/user/robolymp"]
(1698658997 614281784) [Err] [InsertModelWidget.cc:403] Missing model.config for model "/home/user/ros2_ws"
(1698658997 614309802) model.config file is missing in directory["/home/user/ros2_ws"]
(1698658997 614329170) [Err] [InsertModelWidget.cc:403] Missing model.config for model "/home/user/snap"
(1698658997 614353313) model.config file is missing in directory["/home/user/snap"]
(1698658997 639618390) [Wrn] [ModelDatabase.cc:212] Unable to connect to model database using [http://models.gazebosim.org//database.config]. Only locally installed models will be available.
(1698658998 120738433) [Wrn] [Event.cc:61] Warning: Deleting a connection right after creation. Make sure to save the ConnectionPtr from a Connect call
(1698658998 718346348) No spacenav daemon found. Spacenav functionality is disabled
(1698659347 780143039) [Wrn] [Event.cc:61] Warning: Deleting a connection right after creation. Make sure to save the ConnectionPtr from a Connect call
